  SUCCESS: The process with PID 26256 has been terminated.
  main.cpp
D:\appdata_backup_28052023\source\repos\NvQFTswitcher\main.cpp(133,48): warning C4267: 'argument': conversion from 'size_t' to 'int', possible loss of data
D:\appdata_backup_28052023\source\repos\NvQFTswitcher\main.cpp(140,15): warning C4244: 'initializing': conversion from 'LRESULT' to 'int', possible loss of data
D:\appdata_backup_28052023\source\repos\NvQFTswitcher\main.cpp(150,15): warning C4244: 'initializing': conversion from 'LRESULT' to 'int', possible loss of data
D:\appdata_backup_28052023\source\repos\NvQFTswitcher\main.cpp(265,25): warning C4244: 'initializing': conversion from 'double' to 'int', possible loss of data
D:\appdata_backup_28052023\source\repos\NvQFTswitcher\main.cpp(275,39): warning C4244: '=': conversion from 'double' to 'NvU32', possible loss of data
D:\appdata_backup_28052023\source\repos\NvQFTswitcher\main.cpp(287,36): warning C4244: '=': conversion from 'double' to 'NvU16', possible loss of data
D:\appdata_backup_28052023\source\repos\NvQFTswitcher\main.cpp(448,58): warning C4312: 'type cast': conversion from 'LONG' to 'HINSTANCE' of greater size
D:\appdata_backup_28052023\source\repos\NvQFTswitcher\main.cpp(509,56): warning C4312: 'type cast': conversion from 'LONG' to 'HINSTANCE' of greater size
C:\Program Files\Microsoft Visual Studio\2022\Community\VC\Tools\MSVC\14.37.32822\include\xstring(2728,53): warning C4244: 'argument': conversion from 'wchar_t' to 'const _Elem', possible loss of data
          with
          [
              _Elem=char
          ]
C:\Program Files\Microsoft Visual Studio\2022\Community\VC\Tools\MSVC\14.37.32822\include\xstring(2584,17): message : see reference to function template instantiation 'void std::basic_string<char,std::char_traits<char>,std::allocator<char>>::_Construct_from_iter<wchar_t*,wchar_t*,_Size_type>(_Iter,const _Sent,_Size)' being compiled
          with
          [
              _Size_type=unsigned __int64,
              _Iter=wchar_t *,
              _Sent=wchar_t *,
              _Size=unsigned __int64
          ]
D:\appdata_backup_28052023\source\repos\NvQFTswitcher\main.cpp(71,36): message : see reference to function template instantiation 'std::basic_string<char,std::char_traits<char>,std::allocator<char>>::basic_string<std::_String_iterator<std::_String_val<std::_Simple_types<_Elem>>>,0>(_Iter,_Iter,const _Alloc &)' being compiled
          with
          [
              _Elem=wchar_t,
              _Iter=std::_String_iterator<std::_String_val<std::_Simple_types<wchar_t>>>,
              _Alloc=std::allocator<char>
          ]
D:\appdata_backup_28052023\source\repos\NvQFTswitcher\main.cpp(71,36): message : see the first reference to 'std::basic_string<char,std::char_traits<char>,std::allocator<char>>::basic_string' in 'initDisp'
  NvQFTswitcher.vcxproj -> D:\appdata_backup_28052023\source\repos\NvQFTswitcher\x64\Debug\NvQFTswitcher.exe
